<component name="libraryTable">
  <library name="junit-4.11">
    <CLASSES>
      <root url="file://$PROJECT_DIR$/../junit-4.11.jar" />
    </CLASSES>
    <JAVADOC />
    <SOURCES />
    <jarDirectory url="file://$PROJECT_DIR$/../junit-4.11.jar" recursive="false" />
  </library>
</component>